<?xml version="1.0" encoding="UTF-8"?>
<!-- Generated by org.testng.reporters.JUnitReportReporter -->
<testsuite hostname="DESKTOP-LOMA9A8" failures="0" tests="5" name="TestCases.TC003_Login_DDT" time="123.926" errors="0" timestamp="2024-11-11T18:50:18 IST" skipped="0">
  <testcase classname="TestCases.TC003_Login_DDT" name="verify_loginDDT" time="20.535"/>
  <system-out/>
  <testcase classname="TestCases.TC003_Login_DDT" name="verify_loginDDT" time="38.525"/>
  <system-out/>
  <testcase classname="TestCases.TC003_Login_DDT" name="verify_loginDDT" time="23.005"/>
  <system-out/>
  <testcase classname="TestCases.TC003_Login_DDT" name="verify_loginDDT" time="22.165"/>
  <system-out/>
  <testcase classname="TestCases.TC003_Login_DDT" name="verify_loginDDT" time="19.696"/>
  <system-out/>
</testsuite> <!-- TestCases.TC003_Login_DDT -->
