<?xml version="1.0" encoding="UTF-8"?>
<!-- Generated by org.testng.reporters.JUnitReportReporter -->
<testsuite hostname="Govind" failures="0" tests="1" name="TestCases.TC002_LoginTest" time="1.193" errors="0" timestamp="2025-01-31T18:53:40 IST" skipped="0">
  <testcase classname="TestCases.TC002_LoginTest" name="verify_login" time="1.193"/>
  <system-out/>
</testsuite> <!-- TestCases.TC002_LoginTest -->
