<?xml version="1.0" encoding="UTF-8"?>
<!-- Generated by org.testng.reporters.JUnitReportReporter -->
<testsuite hostname="DESKTOP-LOMA9A8" failures="0" tests="1" name="testBase.TC001_AccountRegistrationTest" time="16.845" errors="0" timestamp="2024-10-25T23:16:51 IST" skipped="0">
  <testcase classname="testBase.TC001_AccountRegistrationTest" name="verfy_account_registration" time="16.845"/>
  <system-out/>
</testsuite> <!-- testBase.TC001_AccountRegistrationTest -->
