<?xml version="1.0" encoding="UTF-8"?>
<!-- Generated by org.testng.reporters.JUnitReportReporter -->
<testsuite hostname="DESKTOP-LOMA9A8" failures="0" tests="1" name="TestCases.TC001_AccountRegistrationTest" time="10.736" errors="0" timestamp="2024-11-14T08:51:16 IST" skipped="0">
  <testcase classname="TestCases.TC001_AccountRegistrationTest" name="verfy_account_registration" time="10.736"/>
</testsuite> <!-- TestCases.TC001_AccountRegistrationTest -->
