<?xml version="1.0" encoding="UTF-8"?>
<!-- Generated by org.testng.reporters.JUnitReportReporter -->
<testsuite hostname="DESKTOP-LOMA9A8" failures="0" tests="1" name="TestCases.TC001_AccountRegistrationTest" time="32.766" errors="0" timestamp="2024-11-15T14:35:02 IST" skipped="0">
  <testcase classname="TestCases.TC001_AccountRegistrationTest" name="verfy_account_registration" time="32.766"/>
</testsuite> <!-- TestCases.TC001_AccountRegistrationTest -->
