<?xml version="1.0" encoding="UTF-8"?>
<!-- Generated by org.testng.reporters.JUnitReportReporter -->
<testsuite hostname="DESKTOP-LOMA9A8" failures="0" tests="1" name="TestCases.TC001_AccountRegistrationTest" time="69.358" errors="0" timestamp="2024-11-17T18:26:35 IST" skipped="0">
  <testcase classname="TestCases.TC001_AccountRegistrationTest" name="verfy_account_registration" time="69.358"/>
</testsuite> <!-- TestCases.TC001_AccountRegistrationTest -->
