<?xml version="1.0" encoding="UTF-8"?>
<!-- Generated by org.testng.reporters.JUnitReportReporter -->
<testsuite hostname="DESKTOP-LOMA9A8" failures="0" tests="1" name="TestCases.TC002_LoginTest" time="16.537" errors="0" timestamp="2024-11-21T11:40:35 IST" skipped="0">
  <testcase classname="TestCases.TC002_LoginTest" name="verify_login" time="16.537"/>
</testsuite> <!-- TestCases.TC002_LoginTest -->
