<?xml version="1.0" encoding="UTF-8"?>
<!-- Generated by org.testng.reporters.JUnitReportReporter -->
<testsuite hostname="DESKTOP-LOMA9A8" failures="0" tests="1" name="TestCases.TC004_Add_To_Cart" time="70.714" errors="0" timestamp="2024-11-15T14:35:02 IST" skipped="0">
  <testcase classname="TestCases.TC004_Add_To_Cart" name="AddToCart" time="70.714"/>
</testsuite> <!-- TestCases.TC004_Add_To_Cart -->
